<?xml version="1.0" encoding="UTF-8"?>
<testng-results ignored="0" total="1" passed="1" failed="0" skipped="0">
  <reporter-output>
  </reporter-output>
  <suite started-at="2024-10-11T01:33:24 BDT" name="Default suite" finished-at="2024-10-11T01:33:27 BDT" duration-ms="2451">
    <groups>
    </groups>
    <test started-at="2024-10-11T01:33:24 BDT" name="Default test" finished-at="2024-10-11T01:33:27 BDT" duration-ms="2451">
      <class name="code1.Demo">
        <test-method signature="googleSearch()[pri:0, instance:code1.Demo@2cb4893b]" started-at="2024-10-11T01:33:24 BDT" name="googleSearch" finished-at="2024-10-11T01:33:27 BDT" duration-ms="2409" status="PASS">
          <reporter-output>
          </reporter-output>
        </test-method> <!-- googleSearch -->
      </class> <!-- code1.Demo -->
    </test> <!-- Default test -->
  </suite> <!-- Default suite -->
</testng-results>
